2023-06-04 13:13:06,812 SpawnProcess-1 - db_post.py:47 - INFO [<db.models.Post object at 0x000002544CBC5C60>, <db.models.Post object at 0x000002544CBC5E40>, <db.models.Post object at 0x000002544CBC58D0>]
2023-06-04 13:13:07,986 SpawnProcess-1 - db_post.py:47 - INFO [<db.models.Post object at 0x000002544CBC6440>, <db.models.Post object at 0x000002544CBC4F70>, <db.models.Post object at 0x000002544CBC6410>]
2023-06-04 13:13:16,209 SpawnProcess-1 - db_post.py:47 - INFO [<db.models.Post object at 0x000002544CBB4D60>, <db.models.Post object at 0x000002544CBB7790>, <db.models.Post object at 0x000002544CBB55A0>]
2023-06-04 13:13:25,234 SpawnProcess-1 - db_post.py:47 - INFO []
2023-06-04 13:13:52,706 SpawnProcess-1 - db_post.py:51 - ERROR (psycopg2.OperationalError) server closed the connection unexpectedly
	This probably means the server terminated abnormally
	before or while processing the request.
server closed the connection unexpectedly
	This probably means the server terminated abnormally
	before or while processing the request.

[SQL: SELECT posts.id AS posts_id, posts.img_url AS posts_img_url, posts.img_url_type AS posts_img_url_type, posts.caption AS posts_caption, posts.creator_id AS posts_creator_id, posts.timestamp AS posts_timestamp 
FROM posts ORDER BY posts.timestamp DESC 
 LIMIT %(param_1)s OFFSET %(param_2)s]
[parameters: {'param_1': 3, 'param_2': 0}]
(Background on this error at: https://sqlalche.me/e/20/e3q8)
2023-06-04 13:13:53,725 SpawnProcess-1 - db_post.py:47 - INFO [<db.models.Post object at 0x000002544CBC5270>, <db.models.Post object at 0x000002544CBC4CA0>, <db.models.Post object at 0x000002544CBC55D0>]
2023-06-04 13:14:00,338 SpawnProcess-1 - db_post.py:47 - INFO [<db.models.Post object at 0x000002544CBC4430>, <db.models.Post object at 0x000002544CBC5390>, <db.models.Post object at 0x000002544CBC5E70>]
2023-06-04 13:14:03,650 SpawnProcess-1 - db_post.py:47 - INFO []
2023-06-04 13:14:12,914 SpawnProcess-1 - db_post.py:47 - INFO [<db.models.Post object at 0x000002544CBC7D90>, <db.models.Post object at 0x000002544CBC7DF0>, <db.models.Post object at 0x000002544CBC7E20>]
2023-06-04 13:14:13,528 SpawnProcess-1 - db_post.py:47 - INFO [<db.models.Post object at 0x000002544CBC6020>, <db.models.Post object at 0x000002544CBC5F00>, <db.models.Post object at 0x000002544CBC6380>]
2023-06-04 13:25:20,751 SpawnProcess-1 - db_post.py:51 - ERROR (psycopg2.OperationalError) server closed the connection unexpectedly
	This probably means the server terminated abnormally
	before or while processing the request.
server closed the connection unexpectedly
	This probably means the server terminated abnormally
	before or while processing the request.

[SQL: SELECT posts.id AS posts_id, posts.img_url AS posts_img_url, posts.img_url_type AS posts_img_url_type, posts.caption AS posts_caption, posts.creator_id AS posts_creator_id, posts.timestamp AS posts_timestamp 
FROM posts ORDER BY posts.timestamp DESC 
 LIMIT %(param_1)s OFFSET %(param_2)s]
[parameters: {'param_1': 3, 'param_2': 0}]
(Background on this error at: https://sqlalche.me/e/20/e3q8)
2023-06-04 13:25:21,576 SpawnProcess-1 - db_post.py:47 - INFO [<db.models.Post object at 0x000002544CBC5C30>, <db.models.Post object at 0x000002544CBC7F10>, <db.models.Post object at 0x000002544CBC7970>]
2023-06-04 13:25:42,472 SpawnProcess-1 - db_post.py:47 - INFO [<db.models.Post object at 0x000002544CBC4DF0>, <db.models.Post object at 0x000002544CBC7700>, <db.models.Post object at 0x000002544CBC7730>]
2023-06-04 13:25:43,121 SpawnProcess-1 - db_post.py:47 - INFO [<db.models.Post object at 0x000002544CBC58A0>, <db.models.Post object at 0x000002544CBC53F0>, <db.models.Post object at 0x000002544CBC5B10>]
2023-06-04 13:25:49,348 SpawnProcess-1 - db_post.py:47 - INFO [<db.models.Post object at 0x000002544CBC4160>, <db.models.Post object at 0x000002544CBC5C00>, <db.models.Post object at 0x000002544CBC6B00>]
2023-06-04 13:25:51,256 SpawnProcess-1 - db_post.py:47 - INFO []
2023-06-04 13:26:29,233 SpawnProcess-1 - db_post.py:51 - ERROR (psycopg2.OperationalError) server closed the connection unexpectedly
	This probably means the server terminated abnormally
	before or while processing the request.
server closed the connection unexpectedly
	This probably means the server terminated abnormally
	before or while processing the request.

[SQL: SELECT posts.id AS posts_id, posts.img_url AS posts_img_url, posts.img_url_type AS posts_img_url_type, posts.caption AS posts_caption, posts.creator_id AS posts_creator_id, posts.timestamp AS posts_timestamp 
FROM posts ORDER BY posts.timestamp DESC 
 LIMIT %(param_1)s OFFSET %(param_2)s]
[parameters: {'param_1': 3, 'param_2': 0}]
(Background on this error at: https://sqlalche.me/e/20/e3q8)
2023-06-04 13:26:29,985 SpawnProcess-1 - db_post.py:47 - INFO [<db.models.Post object at 0x000002544CBD48E0>, <db.models.Post object at 0x000002544CBD4940>, <db.models.Post object at 0x000002544CBD4970>]
2023-06-04 13:26:33,532 SpawnProcess-1 - db_post.py:47 - INFO [<db.models.Post object at 0x000002544CBB42B0>, <db.models.Post object at 0x000002544CBB4970>, <db.models.Post object at 0x000002544CBB6470>]
2023-06-04 13:26:34,121 SpawnProcess-1 - db_post.py:47 - INFO [<db.models.Post object at 0x000002544CBC4A60>, <db.models.Post object at 0x000002544CBC4850>, <db.models.Post object at 0x000002544CBC71C0>]
2023-06-04 13:26:37,321 SpawnProcess-1 - db_post.py:47 - INFO [<db.models.Post object at 0x000002544CBC6F50>, <db.models.Post object at 0x000002544CBC6710>, <db.models.Post object at 0x000002544CBC7D60>]
2023-06-04 13:26:37,939 SpawnProcess-1 - db_post.py:47 - INFO [<db.models.Post object at 0x000002544CBB6470>, <db.models.Post object at 0x000002544CBB5660>, <db.models.Post object at 0x000002544CBB6830>]
2023-06-04 13:26:42,348 SpawnProcess-1 - db_post.py:47 - INFO [<db.models.Post object at 0x000002544CBC5FF0>, <db.models.Post object at 0x000002544CBC5BA0>, <db.models.Post object at 0x000002544CBC5480>]
2023-06-04 13:26:42,960 SpawnProcess-1 - db_post.py:47 - INFO [<db.models.Post object at 0x000002544CBB64A0>, <db.models.Post object at 0x000002544CBB69B0>, <db.models.Post object at 0x000002544CBB6320>]
2023-06-04 13:26:44,755 SpawnProcess-1 - db_post.py:47 - INFO [<db.models.Post object at 0x000002544CBC7100>, <db.models.Post object at 0x000002544CBC4AF0>, <db.models.Post object at 0x000002544CBC4DF0>]
2023-06-04 13:26:45,674 SpawnProcess-1 - db_post.py:47 - INFO [<db.models.Post object at 0x000002544CBB4970>, <db.models.Post object at 0x000002544CBB6620>, <db.models.Post object at 0x000002544CBB6CE0>]
2023-06-04 13:26:49,073 SpawnProcess-1 - db_post.py:47 - INFO [<db.models.Post object at 0x000002544CBD4DC0>, <db.models.Post object at 0x000002544CBD50F0>, <db.models.Post object at 0x000002544CBD4790>]
2023-06-04 13:26:49,720 SpawnProcess-1 - db_post.py:47 - INFO [<db.models.Post object at 0x000002544CBB61A0>, <db.models.Post object at 0x000002544CBB6320>, <db.models.Post object at 0x000002544CBB4640>]
2023-06-04 13:26:51,161 SpawnProcess-1 - db_post.py:47 - INFO [<db.models.Post object at 0x000002544CBD5E40>, <db.models.Post object at 0x000002544CBD5E70>, <db.models.Post object at 0x000002544CBD5F60>]
2023-06-04 13:26:51,786 SpawnProcess-1 - db_post.py:47 - INFO [<db.models.Post object at 0x000002544CBC6CB0>, <db.models.Post object at 0x000002544CBC50C0>, <db.models.Post object at 0x000002544CBC66B0>]
2023-06-04 13:26:53,102 SpawnProcess-1 - db_post.py:47 - INFO [<db.models.Post object at 0x000002544CBC47C0>, <db.models.Post object at 0x000002544CBC7B80>, <db.models.Post object at 0x000002544CBC74F0>]
2023-06-04 13:26:53,738 SpawnProcess-1 - db_post.py:47 - INFO [<db.models.Post object at 0x000002544CBC7190>, <db.models.Post object at 0x000002544CBC4E80>, <db.models.Post object at 0x000002544CBC7AF0>]
2023-06-04 13:26:55,840 SpawnProcess-1 - db_post.py:47 - INFO [<db.models.Post object at 0x000002544CBB7730>, <db.models.Post object at 0x000002544CBB71F0>, <db.models.Post object at 0x000002544CBB5AE0>]
2023-06-04 13:26:56,459 SpawnProcess-1 - db_post.py:47 - INFO [<db.models.Post object at 0x000002544CBC7190>, <db.models.Post object at 0x000002544CBC7430>, <db.models.Post object at 0x000002544CBC7E80>]
2023-06-04 13:26:59,506 SpawnProcess-1 - db_post.py:47 - INFO [<db.models.Post object at 0x000002544CBB4550>, <db.models.Post object at 0x000002544CBB5390>, <db.models.Post object at 0x000002544CBB4CD0>]
2023-06-04 13:27:00,134 SpawnProcess-1 - db_post.py:47 - INFO [<db.models.Post object at 0x000002544CBC6B00>, <db.models.Post object at 0x000002544CBC6DA0>, <db.models.Post object at 0x000002544CBC62C0>]
2023-06-04 13:27:01,609 SpawnProcess-1 - db_post.py:47 - INFO [<db.models.Post object at 0x000002544CBC6710>, <db.models.Post object at 0x000002544CBC63B0>, <db.models.Post object at 0x000002544CBC4FA0>]
2023-06-04 13:27:02,255 SpawnProcess-1 - db_post.py:47 - INFO [<db.models.Post object at 0x000002544CBB7910>, <db.models.Post object at 0x000002544CBB4550>, <db.models.Post object at 0x000002544CBB74F0>]
2023-06-04 13:27:04,670 SpawnProcess-1 - db_post.py:47 - INFO [<db.models.Post object at 0x000002544CB8A1A0>, <db.models.Post object at 0x000002544CB88A00>, <db.models.Post object at 0x000002544CB891B0>]
2023-06-04 13:27:12,796 SpawnProcess-1 - db_post.py:47 - INFO []
2023-06-04 13:27:50,902 SpawnProcess-1 - db_post.py:51 - ERROR (psycopg2.OperationalError) server closed the connection unexpectedly
	This probably means the server terminated abnormally
	before or while processing the request.
server closed the connection unexpectedly
	This probably means the server terminated abnormally
	before or while processing the request.

[SQL: SELECT posts.id AS posts_id, posts.img_url AS posts_img_url, posts.img_url_type AS posts_img_url_type, posts.caption AS posts_caption, posts.creator_id AS posts_creator_id, posts.timestamp AS posts_timestamp 
FROM posts ORDER BY posts.timestamp DESC 
 LIMIT %(param_1)s OFFSET %(param_2)s]
[parameters: {'param_1': 3, 'param_2': 0}]
(Background on this error at: https://sqlalche.me/e/20/e3q8)
2023-06-04 13:27:51,702 SpawnProcess-1 - db_post.py:47 - INFO [<db.models.Post object at 0x000002544CB4A5C0>, <db.models.Post object at 0x000002544CB49270>, <db.models.Post object at 0x000002544CB48EB0>]
2023-06-04 13:27:55,415 SpawnProcess-1 - db_post.py:47 - INFO [<db.models.Post object at 0x000002544CBB71C0>, <db.models.Post object at 0x000002544CBB7010>, <db.models.Post object at 0x000002544CBB4D30>]
2023-06-04 13:28:00,958 SpawnProcess-1 - db_post.py:47 - INFO []
2023-06-04 13:28:45,873 SpawnProcess-1 - db_post.py:51 - ERROR (psycopg2.OperationalError) server closed the connection unexpectedly
	This probably means the server terminated abnormally
	before or while processing the request.
server closed the connection unexpectedly
	This probably means the server terminated abnormally
	before or while processing the request.

[SQL: SELECT posts.id AS posts_id, posts.img_url AS posts_img_url, posts.img_url_type AS posts_img_url_type, posts.caption AS posts_caption, posts.creator_id AS posts_creator_id, posts.timestamp AS posts_timestamp 
FROM posts ORDER BY posts.timestamp DESC 
 LIMIT %(param_1)s OFFSET %(param_2)s]
[parameters: {'param_1': 3, 'param_2': 0}]
(Background on this error at: https://sqlalche.me/e/20/e3q8)
2023-06-04 13:28:46,666 SpawnProcess-1 - db_post.py:47 - INFO [<db.models.Post object at 0x000002544CBC6080>, <db.models.Post object at 0x000002544CBC7AF0>, <db.models.Post object at 0x000002544CBC6020>]
2023-06-04 13:28:50,415 SpawnProcess-1 - db_post.py:47 - INFO [<db.models.Post object at 0x000002544CB89C60>, <db.models.Post object at 0x000002544CB893F0>, <db.models.Post object at 0x000002544CB88E80>]
2023-06-04 13:29:26,849 SpawnProcess-1 - db_post.py:51 - ERROR (psycopg2.OperationalError) server closed the connection unexpectedly
	This probably means the server terminated abnormally
	before or while processing the request.
server closed the connection unexpectedly
	This probably means the server terminated abnormally
	before or while processing the request.

[SQL: SELECT posts.id AS posts_id, posts.img_url AS posts_img_url, posts.img_url_type AS posts_img_url_type, posts.caption AS posts_caption, posts.creator_id AS posts_creator_id, posts.timestamp AS posts_timestamp 
FROM posts ORDER BY posts.timestamp DESC 
 LIMIT %(param_1)s OFFSET %(param_2)s]
[parameters: {'param_1': 3, 'param_2': 0}]
(Background on this error at: https://sqlalche.me/e/20/e3q8)
2023-06-04 13:29:27,668 SpawnProcess-1 - db_post.py:47 - INFO [<db.models.Post object at 0x000002544CB88BB0>, <db.models.Post object at 0x000002544CB88280>, <db.models.Post object at 0x000002544CB883A0>]
2023-06-04 13:30:52,741 SpawnProcess-1 - db_post.py:47 - INFO [<db.models.Post object at 0x000002544CBC55A0>, <db.models.Post object at 0x000002544CBC6EC0>, <db.models.Post object at 0x000002544CBC5060>]
2023-06-04 13:30:53,830 SpawnProcess-1 - db_post.py:51 - ERROR (psycopg2.OperationalError) server closed the connection unexpectedly
	This probably means the server terminated abnormally
	before or while processing the request.
server closed the connection unexpectedly
	This probably means the server terminated abnormally
	before or while processing the request.

[SQL: SELECT posts.id AS posts_id, posts.img_url AS posts_img_url, posts.img_url_type AS posts_img_url_type, posts.caption AS posts_caption, posts.creator_id AS posts_creator_id, posts.timestamp AS posts_timestamp 
FROM posts ORDER BY posts.timestamp DESC 
 LIMIT %(param_1)s OFFSET %(param_2)s]
[parameters: {'param_1': 3, 'param_2': 0}]
(Background on this error at: https://sqlalche.me/e/20/e3q8)
2023-06-04 13:31:34,521 SpawnProcess-1 - db_post.py:47 - INFO [<db.models.Post object at 0x000002544CBD4B80>, <db.models.Post object at 0x000002544CBD4D60>, <db.models.Post object at 0x000002544CBD6FE0>]
2023-06-04 13:31:49,843 SpawnProcess-1 - db_post.py:47 - INFO [<db.models.Post object at 0x000002544CBD58A0>, <db.models.Post object at 0x000002544CBD4040>, <db.models.Post object at 0x000002544CBD4220>]
2023-06-04 13:31:50,463 SpawnProcess-1 - db_post.py:47 - INFO [<db.models.Post object at 0x000002544CB89DE0>, <db.models.Post object at 0x000002544CB88BE0>, <db.models.Post object at 0x000002544CB88EE0>]
2023-06-04 13:31:52,314 SpawnProcess-1 - db_post.py:47 - INFO [<db.models.Post object at 0x000002544CB8AAD0>, <db.models.Post object at 0x000002544CB886A0>, <db.models.Post object at 0x000002544CB880D0>]
2023-06-04 13:31:54,648 SpawnProcess-1 - db_post.py:47 - INFO []
2023-06-04 13:32:06,874 SpawnProcess-1 - db_post.py:47 - INFO [<db.models.Post object at 0x000002544CB8A890>, <db.models.Post object at 0x000002544CB8B1C0>, <db.models.Post object at 0x000002544CB89C60>]
2023-06-04 13:32:07,470 SpawnProcess-1 - db_post.py:47 - INFO [<db.models.Post object at 0x000002544CB48EB0>, <db.models.Post object at 0x000002544CB4A800>, <db.models.Post object at 0x000002544CBC7070>]
2023-06-04 13:32:10,758 SpawnProcess-1 - db_post.py:47 - INFO [<db.models.Post object at 0x000002544CBC4AC0>, <db.models.Post object at 0x000002544CBC5B10>, <db.models.Post object at 0x000002544CBC5720>]
2023-06-04 13:32:59,481 SpawnProcess-1 - db_post.py:51 - ERROR (psycopg2.OperationalError) server closed the connection unexpectedly
	This probably means the server terminated abnormally
	before or while processing the request.
server closed the connection unexpectedly
	This probably means the server terminated abnormally
	before or while processing the request.

[SQL: SELECT posts.id AS posts_id, posts.img_url AS posts_img_url, posts.img_url_type AS posts_img_url_type, posts.caption AS posts_caption, posts.creator_id AS posts_creator_id, posts.timestamp AS posts_timestamp 
FROM posts ORDER BY posts.timestamp DESC 
 LIMIT %(param_1)s OFFSET %(param_2)s]
[parameters: {'param_1': 3, 'param_2': 0}]
(Background on this error at: https://sqlalche.me/e/20/e3q8)
2023-06-04 13:33:00,321 SpawnProcess-1 - db_post.py:47 - INFO [<db.models.Post object at 0x000002544CBE2950>, <db.models.Post object at 0x000002544CBE29B0>, <db.models.Post object at 0x000002544CBE29E0>]
2023-06-04 13:33:03,737 SpawnProcess-1 - db_post.py:47 - INFO [<db.models.Post object at 0x000002544CA61D20>, <db.models.Post object at 0x000002544CA631F0>, <db.models.Post object at 0x000002544CA63DC0>]
2023-06-04 13:33:05,836 SpawnProcess-1 - db_post.py:47 - INFO []
2023-06-04 13:34:51,856 SpawnProcess-1 - db_post.py:51 - ERROR (psycopg2.OperationalError) server closed the connection unexpectedly
	This probably means the server terminated abnormally
	before or while processing the request.
server closed the connection unexpectedly
	This probably means the server terminated abnormally
	before or while processing the request.

[SQL: SELECT posts.id AS posts_id, posts.img_url AS posts_img_url, posts.img_url_type AS posts_img_url_type, posts.caption AS posts_caption, posts.creator_id AS posts_creator_id, posts.timestamp AS posts_timestamp 
FROM posts ORDER BY posts.timestamp DESC 
 LIMIT %(param_1)s OFFSET %(param_2)s]
[parameters: {'param_1': 3, 'param_2': 0}]
(Background on this error at: https://sqlalche.me/e/20/e3q8)
2023-06-04 13:34:52,837 SpawnProcess-1 - db_post.py:47 - INFO [<db.models.Post object at 0x000002544CBE1BD0>, <db.models.Post object at 0x000002544CBE1840>, <db.models.Post object at 0x000002544CBE2050>]
2023-06-04 13:35:10,774 SpawnProcess-1 - db_post.py:47 - INFO [<db.models.Post object at 0x000002544CB89540>, <db.models.Post object at 0x000002544CB88910>, <db.models.Post object at 0x000002544CB88A00>]
2023-06-04 13:35:11,434 SpawnProcess-1 - db_post.py:47 - INFO [<db.models.Post object at 0x000002544CBB7400>, <db.models.Post object at 0x000002544CBB5780>, <db.models.Post object at 0x000002544CBB6740>]
2023-06-04 13:35:13,274 SpawnProcess-1 - db_post.py:47 - INFO [<db.models.Post object at 0x000002544CBB4970>, <db.models.Post object at 0x000002544CBB79A0>, <db.models.Post object at 0x000002544CBB4AF0>]
2023-06-04 13:35:15,883 SpawnProcess-1 - db_post.py:47 - INFO []
2023-06-04 13:35:22,357 SpawnProcess-1 - db_post.py:47 - INFO [<db.models.Post object at 0x000002544CBE3CA0>, <db.models.Post object at 0x000002544CBE3C40>, <db.models.Post object at 0x000002544CBE2C50>]
2023-06-04 13:35:22,988 SpawnProcess-1 - db_post.py:47 - INFO [<db.models.Post object at 0x000002544CB8AE30>, <db.models.Post object at 0x000002544CB89810>, <db.models.Post object at 0x000002544CBE10F0>]
2023-06-04 13:35:25,458 SpawnProcess-1 - db_post.py:47 - INFO [<db.models.Post object at 0x000002544CBE2F80>, <db.models.Post object at 0x000002544CBE0BE0>, <db.models.Post object at 0x000002544CBE33A0>]
2023-06-04 13:35:28,004 SpawnProcess-1 - db_post.py:47 - INFO []
2023-06-04 13:36:27,116 SpawnProcess-1 - db_post.py:51 - ERROR (psycopg2.OperationalError) server closed the connection unexpectedly
	This probably means the server terminated abnormally
	before or while processing the request.
server closed the connection unexpectedly
	This probably means the server terminated abnormally
	before or while processing the request.

[SQL: SELECT posts.id AS posts_id, posts.img_url AS posts_img_url, posts.img_url_type AS posts_img_url_type, posts.caption AS posts_caption, posts.creator_id AS posts_creator_id, posts.timestamp AS posts_timestamp 
FROM posts ORDER BY posts.timestamp DESC 
 LIMIT %(param_1)s OFFSET %(param_2)s]
[parameters: {'param_1': 3, 'param_2': 0}]
(Background on this error at: https://sqlalche.me/e/20/e3q8)
2023-06-04 13:36:28,407 SpawnProcess-1 - db_post.py:47 - INFO [<db.models.Post object at 0x000002544CBE23E0>, <db.models.Post object at 0x000002544CBE2290>, <db.models.Post object at 0x000002544CBE2710>]
2023-06-04 13:36:33,125 SpawnProcess-1 - db_post.py:47 - INFO [<db.models.Post object at 0x000002544CBE1AE0>, <db.models.Post object at 0x000002544CBE2BF0>, <db.models.Post object at 0x000002544CBE1DB0>]
2023-06-04 13:36:34,793 SpawnProcess-1 - db_post.py:47 - INFO []
2023-06-04 13:38:34,961 SpawnProcess-1 - db_post.py:51 - ERROR (psycopg2.OperationalError) server closed the connection unexpectedly
	This probably means the server terminated abnormally
	before or while processing the request.
server closed the connection unexpectedly
	This probably means the server terminated abnormally
	before or while processing the request.

[SQL: SELECT posts.id AS posts_id, posts.img_url AS posts_img_url, posts.img_url_type AS posts_img_url_type, posts.caption AS posts_caption, posts.creator_id AS posts_creator_id, posts.timestamp AS posts_timestamp 
FROM posts ORDER BY posts.timestamp DESC 
 LIMIT %(param_1)s OFFSET %(param_2)s]
[parameters: {'param_1': 3, 'param_2': 0}]
(Background on this error at: https://sqlalche.me/e/20/e3q8)
2023-06-04 13:38:35,940 SpawnProcess-1 - db_post.py:47 - INFO [<db.models.Post object at 0x000002544CBE19C0>, <db.models.Post object at 0x000002544CBE11B0>, <db.models.Post object at 0x000002544CBE0370>]
2023-06-04 13:42:14,177 SpawnProcess-1 - db_post.py:47 - INFO [<db.models.Post object at 0x000002544CBC6080>, <db.models.Post object at 0x000002544CBC4C40>, <db.models.Post object at 0x000002544CBC74F0>]
2023-06-04 13:42:14,672 SpawnProcess-1 - db_post.py:51 - ERROR (psycopg2.OperationalError) server closed the connection unexpectedly
	This probably means the server terminated abnormally
	before or while processing the request.
server closed the connection unexpectedly
	This probably means the server terminated abnormally
	before or while processing the request.

[SQL: SELECT posts.id AS posts_id, posts.img_url AS posts_img_url, posts.img_url_type AS posts_img_url_type, posts.caption AS posts_caption, posts.creator_id AS posts_creator_id, posts.timestamp AS posts_timestamp 
FROM posts ORDER BY posts.timestamp DESC 
 LIMIT %(param_1)s OFFSET %(param_2)s]
[parameters: {'param_1': 3, 'param_2': 0}]
(Background on this error at: https://sqlalche.me/e/20/e3q8)
2023-06-04 13:42:19,792 SpawnProcess-1 - db_post.py:47 - INFO [<db.models.Post object at 0x000002544CBE23E0>, <db.models.Post object at 0x000002544CBE0100>, <db.models.Post object at 0x000002544CBE3940>]
2023-06-04 13:45:06,797 SpawnProcess-1 - db_post.py:47 - INFO [<db.models.Post object at 0x000002544CBE29B0>, <db.models.Post object at 0x000002544CBE2830>, <db.models.Post object at 0x000002544CBE38E0>]
2023-06-04 13:45:07,258 SpawnProcess-1 - db_post.py:51 - ERROR (psycopg2.OperationalError) server closed the connection unexpectedly
	This probably means the server terminated abnormally
	before or while processing the request.
server closed the connection unexpectedly
	This probably means the server terminated abnormally
	before or while processing the request.

[SQL: SELECT posts.id AS posts_id, posts.img_url AS posts_img_url, posts.img_url_type AS posts_img_url_type, posts.caption AS posts_caption, posts.creator_id AS posts_creator_id, posts.timestamp AS posts_timestamp 
FROM posts ORDER BY posts.timestamp DESC 
 LIMIT %(param_1)s OFFSET %(param_2)s]
[parameters: {'param_1': 3, 'param_2': 0}]
(Background on this error at: https://sqlalche.me/e/20/e3q8)
2023-06-04 13:45:25,108 SpawnProcess-1 - db_post.py:47 - INFO [<db.models.Post object at 0x000002544CA631F0>, <db.models.Post object at 0x000002544CBB77F0>, <db.models.Post object at 0x000002544CBB7490>]
2023-06-04 13:45:26,280 SpawnProcess-1 - db_post.py:47 - INFO [<db.models.Post object at 0x000002544CB8A3B0>, <db.models.Post object at 0x000002544CB8AE30>, <db.models.Post object at 0x000002544CB893C0>]
2023-06-04 13:48:14,991 SpawnProcess-1 - db_post.py:51 - ERROR (psycopg2.OperationalError) server closed the connection unexpectedly
	This probably means the server terminated abnormally
	before or while processing the request.
server closed the connection unexpectedly
	This probably means the server terminated abnormally
	before or while processing the request.

[SQL: SELECT posts.id AS posts_id, posts.img_url AS posts_img_url, posts.img_url_type AS posts_img_url_type, posts.caption AS posts_caption, posts.creator_id AS posts_creator_id, posts.timestamp AS posts_timestamp 
FROM posts ORDER BY posts.timestamp DESC 
 LIMIT %(param_1)s OFFSET %(param_2)s]
[parameters: {'param_1': 3, 'param_2': 0}]
(Background on this error at: https://sqlalche.me/e/20/e3q8)
2023-06-04 13:48:15,810 SpawnProcess-1 - db_post.py:47 - INFO [<db.models.Post object at 0x000002544CBE0490>, <db.models.Post object at 0x000002544CBE1900>, <db.models.Post object at 0x000002544CBE0A60>]
2023-06-04 13:48:21,904 SpawnProcess-1 - db_post.py:47 - INFO [<db.models.Post object at 0x000002544CBE0820>, <db.models.Post object at 0x000002544CBE2590>, <db.models.Post object at 0x000002544CBE2920>]
2023-06-04 13:48:22,489 SpawnProcess-1 - db_post.py:47 - INFO [<db.models.Post object at 0x000002544CBE2CB0>, <db.models.Post object at 0x000002544CBE0490>, <db.models.Post object at 0x000002544CBE3190>]
2023-06-04 13:48:57,245 SpawnProcess-1 - db_post.py:51 - ERROR (psycopg2.OperationalError) server closed the connection unexpectedly
	This probably means the server terminated abnormally
	before or while processing the request.
server closed the connection unexpectedly
	This probably means the server terminated abnormally
	before or while processing the request.

[SQL: SELECT posts.id AS posts_id, posts.img_url AS posts_img_url, posts.img_url_type AS posts_img_url_type, posts.caption AS posts_caption, posts.creator_id AS posts_creator_id, posts.timestamp AS posts_timestamp 
FROM posts ORDER BY posts.timestamp DESC 
 LIMIT %(param_1)s OFFSET %(param_2)s]
[parameters: {'param_1': 3, 'param_2': 0}]
(Background on this error at: https://sqlalche.me/e/20/e3q8)
2023-06-04 13:48:58,259 SpawnProcess-1 - db_post.py:47 - INFO [<db.models.Post object at 0x000002544CBE2020>, <db.models.Post object at 0x000002544CBE3C10>, <db.models.Post object at 0x000002544CBE2D40>]
2023-06-04 13:49:25,205 SpawnProcess-1 - db_post.py:47 - INFO [<db.models.Post object at 0x000002544CBC6020>, <db.models.Post object at 0x000002544CBC7910>, <db.models.Post object at 0x000002544CBC7E50>]
2023-06-04 13:49:25,823 SpawnProcess-1 - db_post.py:47 - INFO [<db.models.Post object at 0x000002544CB88BB0>, <db.models.Post object at 0x000002544CB88B50>, <db.models.Post object at 0x000002544CB89810>]
2023-06-04 13:50:35,378 SpawnProcess-1 - db_post.py:51 - ERROR (psycopg2.OperationalError) server closed the connection unexpectedly
	This probably means the server terminated abnormally
	before or while processing the request.
server closed the connection unexpectedly
	This probably means the server terminated abnormally
	before or while processing the request.

[SQL: SELECT posts.id AS posts_id, posts.img_url AS posts_img_url, posts.img_url_type AS posts_img_url_type, posts.caption AS posts_caption, posts.creator_id AS posts_creator_id, posts.timestamp AS posts_timestamp 
FROM posts ORDER BY posts.timestamp DESC 
 LIMIT %(param_1)s OFFSET %(param_2)s]
[parameters: {'param_1': 3, 'param_2': 0}]
(Background on this error at: https://sqlalche.me/e/20/e3q8)
2023-06-04 13:50:36,154 SpawnProcess-1 - db_post.py:47 - INFO [<db.models.Post object at 0x000002544CBE2A10>, <db.models.Post object at 0x000002544CBE0340>, <db.models.Post object at 0x000002544CBE0220>]
2023-06-04 13:51:17,075 SpawnProcess-1 - db_post.py:47 - INFO [<db.models.Post object at 0x000002544CBE1C30>, <db.models.Post object at 0x000002544CBE01F0>, <db.models.Post object at 0x000002544CBE17B0>]
2023-06-04 13:51:17,529 SpawnProcess-1 - db_post.py:51 - ERROR (psycopg2.OperationalError) server closed the connection unexpectedly
	This probably means the server terminated abnormally
	before or while processing the request.
server closed the connection unexpectedly
	This probably means the server terminated abnormally
	before or while processing the request.

[SQL: SELECT posts.id AS posts_id, posts.img_url AS posts_img_url, posts.img_url_type AS posts_img_url_type, posts.caption AS posts_caption, posts.creator_id AS posts_creator_id, posts.timestamp AS posts_timestamp 
FROM posts ORDER BY posts.timestamp DESC 
 LIMIT %(param_1)s OFFSET %(param_2)s]
[parameters: {'param_1': 3, 'param_2': 0}]
(Background on this error at: https://sqlalche.me/e/20/e3q8)
2023-06-04 13:51:24,113 SpawnProcess-1 - db_post.py:47 - INFO [<db.models.Post object at 0x000002544CBD7EB0>, <db.models.Post object at 0x000002544CBD6680>, <db.models.Post object at 0x000002544CBD43D0>]
2023-06-04 13:51:25,260 SpawnProcess-1 - db_post.py:47 - INFO [<db.models.Post object at 0x000002544CBE32B0>, <db.models.Post object at 0x000002544CBE1DE0>, <db.models.Post object at 0x000002544CBE0670>]
2023-06-04 13:51:31,022 SpawnProcess-1 - db_post.py:47 - INFO [<db.models.Post object at 0x000002544CBB77F0>, <db.models.Post object at 0x000002544CBB7A90>, <db.models.Post object at 0x000002544CBB4220>]
2023-06-04 13:51:34,190 SpawnProcess-1 - db_post.py:47 - INFO []
2023-06-04 13:52:07,989 SpawnProcess-1 - db_post.py:51 - ERROR (psycopg2.OperationalError) server closed the connection unexpectedly
	This probably means the server terminated abnormally
	before or while processing the request.
server closed the connection unexpectedly
	This probably means the server terminated abnormally
	before or while processing the request.

[SQL: SELECT posts.id AS posts_id, posts.img_url AS posts_img_url, posts.img_url_type AS posts_img_url_type, posts.caption AS posts_caption, posts.creator_id AS posts_creator_id, posts.timestamp AS posts_timestamp 
FROM posts ORDER BY posts.timestamp DESC 
 LIMIT %(param_1)s OFFSET %(param_2)s]
[parameters: {'param_1': 3, 'param_2': 0}]
(Background on this error at: https://sqlalche.me/e/20/e3q8)
2023-06-04 13:52:08,748 SpawnProcess-1 - db_post.py:47 - INFO [<db.models.Post object at 0x000002544CB492A0>, <db.models.Post object at 0x000002544CB48EB0>, <db.models.Post object at 0x000002544CB494B0>]
2023-06-04 13:52:16,890 SpawnProcess-1 - db_post.py:47 - INFO [<db.models.Post object at 0x000002544CBE41F0>, <db.models.Post object at 0x000002544CBE4040>, <db.models.Post object at 0x000002544CBE4130>]
2023-06-04 13:52:19,998 SpawnProcess-1 - db_post.py:47 - INFO []
2023-06-04 14:19:14,051 SpawnProcess-1 - db_post.py:51 - ERROR (psycopg2.OperationalError) server closed the connection unexpectedly
	This probably means the server terminated abnormally
	before or while processing the request.
server closed the connection unexpectedly
	This probably means the server terminated abnormally
	before or while processing the request.

[SQL: SELECT posts.id AS posts_id, posts.img_url AS posts_img_url, posts.img_url_type AS posts_img_url_type, posts.caption AS posts_caption, posts.creator_id AS posts_creator_id, posts.timestamp AS posts_timestamp 
FROM posts ORDER BY posts.timestamp DESC 
 LIMIT %(param_1)s OFFSET %(param_2)s]
[parameters: {'param_1': 3, 'param_2': 0}]
(Background on this error at: https://sqlalche.me/e/20/e3q8)
2023-06-04 14:19:14,940 SpawnProcess-1 - db_post.py:47 - INFO [<db.models.Post object at 0x000002544CBE3520>, <db.models.Post object at 0x000002544CBE0FA0>, <db.models.Post object at 0x000002544CBE07C0>]
2023-06-04 19:01:58,630 SpawnProcess-1 - db_post.py:47 - INFO [<db.models.Post object at 0x000002544CBC7F70>, <db.models.Post object at 0x000002544CBC63B0>, <db.models.Post object at 0x000002544CBC6D70>]
2023-06-04 19:02:34,373 SpawnProcess-1 - db_post.py:51 - ERROR (psycopg2.OperationalError) server closed the connection unexpectedly
	This probably means the server terminated abnormally
	before or while processing the request.
server closed the connection unexpectedly
	This probably means the server terminated abnormally
	before or while processing the request.

[SQL: SELECT posts.id AS posts_id, posts.img_url AS posts_img_url, posts.img_url_type AS posts_img_url_type, posts.caption AS posts_caption, posts.creator_id AS posts_creator_id, posts.timestamp AS posts_timestamp 
FROM posts ORDER BY posts.timestamp DESC 
 LIMIT %(param_1)s OFFSET %(param_2)s]
[parameters: {'param_1': 3, 'param_2': 6}]
(Background on this error at: https://sqlalche.me/e/20/e3q8)
2023-06-04 19:02:43,014 SpawnProcess-1 - db_post.py:47 - INFO [<db.models.Post object at 0x000002544CBD73A0>, <db.models.Post object at 0x000002544CBD4C70>, <db.models.Post object at 0x000002544CBD5F90>]
2023-06-04 19:02:44,071 SpawnProcess-1 - db_post.py:47 - INFO [<db.models.Post object at 0x000002544CBE0640>, <db.models.Post object at 0x000002544CBE3F10>, <db.models.Post object at 0x000002544CBE2050>]
2023-06-04 19:03:03,624 SpawnProcess-1 - db_post.py:47 - INFO [<db.models.Post object at 0x000002544CBE14E0>, <db.models.Post object at 0x000002544CBE0B80>, <db.models.Post object at 0x000002544CBE01F0>]
2023-06-04 19:03:06,414 SpawnProcess-1 - db_post.py:47 - INFO []
2023-06-04 19:03:29,220 SpawnProcess-1 - db_post.py:47 - INFO [<db.models.Post object at 0x000002544CBD5630>, <db.models.Post object at 0x000002544CBD5210>, <db.models.Post object at 0x000002544CBD4580>]
2023-06-04 19:03:29,810 SpawnProcess-1 - db_post.py:47 - INFO [<db.models.Post object at 0x000002544CBE1390>, <db.models.Post object at 0x000002544CBE1C60>, <db.models.Post object at 0x000002544CBE1C90>]
2023-06-04 19:03:31,762 SpawnProcess-1 - db_post.py:47 - INFO [<db.models.Post object at 0x000002544CBD5C00>, <db.models.Post object at 0x000002544CBD4D30>, <db.models.Post object at 0x000002544CBD4640>]
2023-06-04 19:03:33,810 SpawnProcess-1 - db_post.py:47 - INFO []
2023-06-04 19:06:17,692 SpawnProcess-1 - db_post.py:51 - ERROR (psycopg2.OperationalError) server closed the connection unexpectedly
	This probably means the server terminated abnormally
	before or while processing the request.
server closed the connection unexpectedly
	This probably means the server terminated abnormally
	before or while processing the request.

[SQL: SELECT posts.id AS posts_id, posts.img_url AS posts_img_url, posts.img_url_type AS posts_img_url_type, posts.caption AS posts_caption, posts.creator_id AS posts_creator_id, posts.timestamp AS posts_timestamp 
FROM posts ORDER BY posts.timestamp DESC 
 LIMIT %(param_1)s OFFSET %(param_2)s]
[parameters: {'param_1': 3, 'param_2': 0}]
(Background on this error at: https://sqlalche.me/e/20/e3q8)
2023-06-04 19:06:18,745 SpawnProcess-1 - db_post.py:47 - INFO [<db.models.Post object at 0x000002544CBD4340>, <db.models.Post object at 0x000002544CBD5ED0>, <db.models.Post object at 0x000002544CBD52A0>]
2023-06-04 19:11:56,193 SpawnProcess-1 - db_post.py:47 - INFO [<db.models.Post object at 0x000002544CBB41F0>, <db.models.Post object at 0x000002544CBB71C0>, <db.models.Post object at 0x000002544CBB70D0>]
2023-06-04 19:11:56,606 SpawnProcess-1 - db_post.py:51 - ERROR (psycopg2.OperationalError) server closed the connection unexpectedly
	This probably means the server terminated abnormally
	before or while processing the request.
server closed the connection unexpectedly
	This probably means the server terminated abnormally
	before or while processing the request.

[SQL: SELECT posts.id AS posts_id, posts.img_url AS posts_img_url, posts.img_url_type AS posts_img_url_type, posts.caption AS posts_caption, posts.creator_id AS posts_creator_id, posts.timestamp AS posts_timestamp 
FROM posts ORDER BY posts.timestamp DESC 
 LIMIT %(param_1)s OFFSET %(param_2)s]
[parameters: {'param_1': 3, 'param_2': 0}]
(Background on this error at: https://sqlalche.me/e/20/e3q8)
2023-06-04 19:12:25,233 SpawnProcess-1 - db_post.py:47 - INFO [<db.models.Post object at 0x000002544CBB6350>, <db.models.Post object at 0x000002544CBB7670>, <db.models.Post object at 0x000002544CBB70A0>]
2023-06-04 19:12:26,423 SpawnProcess-1 - db_post.py:47 - INFO [<db.models.Post object at 0x000002544CBD63B0>, <db.models.Post object at 0x000002544CBD6AA0>, <db.models.Post object at 0x000002544CBD4A00>]
2023-06-04 19:18:26,228 SpawnProcess-1 - db_post.py:51 - ERROR (psycopg2.OperationalError) server closed the connection unexpectedly
	This probably means the server terminated abnormally
	before or while processing the request.
server closed the connection unexpectedly
	This probably means the server terminated abnormally
	before or while processing the request.

[SQL: SELECT posts.id AS posts_id, posts.img_url AS posts_img_url, posts.img_url_type AS posts_img_url_type, posts.caption AS posts_caption, posts.creator_id AS posts_creator_id, posts.timestamp AS posts_timestamp 
FROM posts ORDER BY posts.timestamp DESC 
 LIMIT %(param_1)s OFFSET %(param_2)s]
[parameters: {'param_1': 3, 'param_2': 0}]
(Background on this error at: https://sqlalche.me/e/20/e3q8)
2023-06-04 19:18:26,963 SpawnProcess-1 - db_post.py:47 - INFO [<db.models.Post object at 0x000002544CBE1810>, <db.models.Post object at 0x000002544CBE2E30>, <db.models.Post object at 0x000002544CBE2530>]
2023-06-04 19:18:30,106 SpawnProcess-1 - db_post.py:47 - INFO [<db.models.Post object at 0x000002544CBE0C10>, <db.models.Post object at 0x000002544CBE0FA0>, <db.models.Post object at 0x000002544CBE36D0>]
2023-06-04 19:18:32,503 SpawnProcess-1 - db_post.py:47 - INFO []
2023-06-04 19:20:20,538 SpawnProcess-1 - db_post.py:51 - ERROR (psycopg2.OperationalError) server closed the connection unexpectedly
	This probably means the server terminated abnormally
	before or while processing the request.
server closed the connection unexpectedly
	This probably means the server terminated abnormally
	before or while processing the request.

[SQL: SELECT posts.id AS posts_id, posts.img_url AS posts_img_url, posts.img_url_type AS posts_img_url_type, posts.caption AS posts_caption, posts.creator_id AS posts_creator_id, posts.timestamp AS posts_timestamp 
FROM posts ORDER BY posts.timestamp DESC 
 LIMIT %(param_1)s OFFSET %(param_2)s]
[parameters: {'param_1': 3, 'param_2': 6}]
(Background on this error at: https://sqlalche.me/e/20/e3q8)
2023-06-04 19:20:50,609 SpawnProcess-1 - db_post.py:47 - INFO [<db.models.Post object at 0x000002544CBE0970>, <db.models.Post object at 0x000002544CBE3FD0>, <db.models.Post object at 0x000002544CBE1BA0>]
2023-06-04 19:20:51,703 SpawnProcess-1 - db_post.py:47 - INFO [<db.models.Post object at 0x000002544CBD7280>, <db.models.Post object at 0x000002544CBD5ED0>, <db.models.Post object at 0x000002544CBD6AA0>]
2023-06-04 19:20:53,560 SpawnProcess-1 - db_post.py:47 - INFO [<db.models.Post object at 0x000002544CBD72E0>, <db.models.Post object at 0x000002544CBD5210>, <db.models.Post object at 0x000002544CBD5330>]
2023-06-04 19:20:55,271 SpawnProcess-1 - db_post.py:47 - INFO []
2023-06-04 19:21:05,341 SpawnProcess-1 - db_post.py:47 - INFO []
2023-06-04 19:21:26,659 SpawnProcess-1 - db_post.py:47 - INFO []
2023-06-04 19:21:59,004 SpawnProcess-1 - db_post.py:51 - ERROR (psycopg2.OperationalError) server closed the connection unexpectedly
	This probably means the server terminated abnormally
	before or while processing the request.
server closed the connection unexpectedly
	This probably means the server terminated abnormally
	before or while processing the request.

[SQL: SELECT posts.id AS posts_id, posts.img_url AS posts_img_url, posts.img_url_type AS posts_img_url_type, posts.caption AS posts_caption, posts.creator_id AS posts_creator_id, posts.timestamp AS posts_timestamp 
FROM posts ORDER BY posts.timestamp DESC 
 LIMIT %(param_1)s OFFSET %(param_2)s]
[parameters: {'param_1': 3, 'param_2': 0}]
(Background on this error at: https://sqlalche.me/e/20/e3q8)
2023-06-04 19:21:59,898 SpawnProcess-1 - db_post.py:47 - INFO [<db.models.Post object at 0x000002544CBE4460>, <db.models.Post object at 0x000002544CBE50C0>, <db.models.Post object at 0x000002544CBE5720>]
2023-06-04 19:24:19,083 SpawnProcess-1 - db_post.py:47 - INFO [<db.models.Post object at 0x000002544CBE4E50>, <db.models.Post object at 0x000002544CBE5510>, <db.models.Post object at 0x000002544CBE5450>]
2023-06-04 19:24:19,481 SpawnProcess-1 - db_post.py:51 - ERROR (psycopg2.OperationalError) server closed the connection unexpectedly
	This probably means the server terminated abnormally
	before or while processing the request.
server closed the connection unexpectedly
	This probably means the server terminated abnormally
	before or while processing the request.

[SQL: SELECT posts.id AS posts_id, posts.img_url AS posts_img_url, posts.img_url_type AS posts_img_url_type, posts.caption AS posts_caption, posts.creator_id AS posts_creator_id, posts.timestamp AS posts_timestamp 
FROM posts ORDER BY posts.timestamp DESC 
 LIMIT %(param_1)s OFFSET %(param_2)s]
[parameters: {'param_1': 3, 'param_2': 0}]
(Background on this error at: https://sqlalche.me/e/20/e3q8)
2023-06-04 19:25:01,033 SpawnProcess-1 - db_post.py:47 - INFO [<db.models.Post object at 0x000002544CB89E70>, <db.models.Post object at 0x000002544CB895D0>, <db.models.Post object at 0x000002544CB88670>]
2023-06-04 19:25:07,855 SpawnProcess-1 - db_post.py:47 - INFO [<db.models.Post object at 0x000002544CBB70A0>, <db.models.Post object at 0x000002544CBB4EB0>, <db.models.Post object at 0x000002544CBB7970>]
2023-06-04 19:25:08,469 SpawnProcess-1 - db_post.py:47 - INFO [<db.models.Post object at 0x000002544CBD4790>, <db.models.Post object at 0x000002544CBD7340>, <db.models.Post object at 0x000002544CBD45E0>]
2023-06-04 19:25:11,746 SpawnProcess-1 - db_post.py:47 - INFO [<db.models.Post object at 0x000002544CBD56C0>, <db.models.Post object at 0x000002544CBD48B0>, <db.models.Post object at 0x000002544CBD7760>]
2023-06-04 19:25:15,296 SpawnProcess-1 - db_post.py:47 - INFO []
2023-06-04 19:25:31,108 SpawnProcess-1 - db_post.py:47 - INFO [<db.models.Post object at 0x000002544CBE3FA0>, <db.models.Post object at 0x000002544CBE06A0>, <db.models.Post object at 0x000002544CBE3CA0>]
2023-06-04 19:25:31,685 SpawnProcess-1 - db_post.py:47 - INFO [<db.models.Post object at 0x000002544CBE6440>, <db.models.Post object at 0x000002544CBE6230>, <db.models.Post object at 0x000002544CBE4910>]
2023-06-04 19:25:37,331 SpawnProcess-1 - db_post.py:47 - INFO [<db.models.Post object at 0x000002544CBE49D0>, <db.models.Post object at 0x000002544CBE4BB0>, <db.models.Post object at 0x000002544CBE6890>]
2023-06-04 19:25:39,438 SpawnProcess-1 - db_post.py:47 - INFO []
2023-06-07 10:45:26,630 SpawnProcess-1 - db_post.py:47 - INFO [<db.models.Post object at 0x0000023F901B5720>, <db.models.Post object at 0x0000023F901B6620>, <db.models.Post object at 0x0000023F901B6500>]
2023-06-07 10:45:27,840 SpawnProcess-1 - db_post.py:47 - INFO [<db.models.Post object at 0x0000023F901B52A0>, <db.models.Post object at 0x0000023F901B4910>, <db.models.Post object at 0x0000023F901B4C10>]
2023-06-07 10:51:25,268 SpawnProcess-1 - db_post.py:51 - ERROR (psycopg2.OperationalError) server closed the connection unexpectedly
	This probably means the server terminated abnormally
	before or while processing the request.
server closed the connection unexpectedly
	This probably means the server terminated abnormally
	before or while processing the request.

[SQL: SELECT posts.id AS posts_id, posts.img_url AS posts_img_url, posts.img_url_type AS posts_img_url_type, posts.caption AS posts_caption, posts.creator_id AS posts_creator_id, posts.timestamp AS posts_timestamp 
FROM posts ORDER BY posts.timestamp DESC 
 LIMIT %(param_1)s OFFSET %(param_2)s]
[parameters: {'param_1': 3, 'param_2': 3}]
(Background on this error at: https://sqlalche.me/e/20/e3q8)
2023-06-07 10:51:53,611 SpawnProcess-1 - db_post.py:47 - INFO [<db.models.Post object at 0x0000023F901FA110>, <db.models.Post object at 0x0000023F901FA170>, <db.models.Post object at 0x0000023F901FA1A0>]
2023-06-07 10:51:54,747 SpawnProcess-1 - db_post.py:47 - INFO [<db.models.Post object at 0x0000023F901F8A00>, <db.models.Post object at 0x0000023F901F9930>, <db.models.Post object at 0x0000023F901F8940>]
2023-06-07 10:51:57,123 SpawnProcess-1 - db_post.py:47 - INFO [<db.models.Post object at 0x0000023F901F9510>, <db.models.Post object at 0x0000023F901FA320>, <db.models.Post object at 0x0000023F901FA7A0>]
2023-06-07 10:51:59,786 SpawnProcess-1 - db_post.py:47 - INFO []
2023-06-07 10:53:37,984 SpawnProcess-1 - db_post.py:51 - ERROR (psycopg2.OperationalError) server closed the connection unexpectedly
	This probably means the server terminated abnormally
	before or while processing the request.
server closed the connection unexpectedly
	This probably means the server terminated abnormally
	before or while processing the request.

[SQL: SELECT posts.id AS posts_id, posts.img_url AS posts_img_url, posts.img_url_type AS posts_img_url_type, posts.caption AS posts_caption, posts.creator_id AS posts_creator_id, posts.timestamp AS posts_timestamp 
FROM posts ORDER BY posts.timestamp DESC 
 LIMIT %(param_1)s OFFSET %(param_2)s]
[parameters: {'param_1': 3, 'param_2': 0}]
(Background on this error at: https://sqlalche.me/e/20/e3q8)
2023-06-07 10:53:39,035 SpawnProcess-1 - db_post.py:47 - INFO [<db.models.Post object at 0x0000023F9021D240>, <db.models.Post object at 0x0000023F9021D2A0>, <db.models.Post object at 0x0000023F9021D2D0>]
2023-06-07 10:55:09,300 SpawnProcess-1 - db_post.py:47 - INFO [<db.models.Post object at 0x0000023F9021DED0>, <db.models.Post object at 0x0000023F9021DF30>, <db.models.Post object at 0x0000023F9021DF60>]
2023-06-07 10:55:36,519 SpawnProcess-1 - db_post.py:51 - ERROR (psycopg2.OperationalError) server closed the connection unexpectedly
	This probably means the server terminated abnormally
	before or while processing the request.
server closed the connection unexpectedly
	This probably means the server terminated abnormally
	before or while processing the request.

[SQL: SELECT posts.id AS posts_id, posts.img_url AS posts_img_url, posts.img_url_type AS posts_img_url_type, posts.caption AS posts_caption, posts.creator_id AS posts_creator_id, posts.timestamp AS posts_timestamp 
FROM posts ORDER BY posts.timestamp DESC 
 LIMIT %(param_1)s OFFSET %(param_2)s]
[parameters: {'param_1': 3, 'param_2': 0}]
(Background on this error at: https://sqlalche.me/e/20/e3q8)
2023-06-07 11:12:50,985 SpawnProcess-1 - db_post.py:47 - INFO [<db.models.Post object at 0x0000023F901FB0D0>, <db.models.Post object at 0x0000023F901F8940>, <db.models.Post object at 0x0000023F901FA050>]
2023-06-07 11:12:52,164 SpawnProcess-1 - db_post.py:47 - INFO [<db.models.Post object at 0x0000023F901B57B0>, <db.models.Post object at 0x0000023F901B5900>, <db.models.Post object at 0x0000023F901B6680>]
2023-06-07 11:13:20,798 SpawnProcess-1 - db_post.py:47 - INFO [<db.models.Post object at 0x0000023F900D3EE0>, <db.models.Post object at 0x0000023F900D3E80>, <db.models.Post object at 0x0000023F901B6500>]
2023-06-07 11:19:32,998 SpawnProcess-1 - db_post.py:51 - ERROR (psycopg2.OperationalError) server closed the connection unexpectedly
	This probably means the server terminated abnormally
	before or while processing the request.
server closed the connection unexpectedly
	This probably means the server terminated abnormally
	before or while processing the request.

[SQL: SELECT posts.id AS posts_id, posts.img_url AS posts_img_url, posts.img_url_type AS posts_img_url_type, posts.caption AS posts_caption, posts.creator_id AS posts_creator_id, posts.timestamp AS posts_timestamp 
FROM posts ORDER BY posts.timestamp DESC 
 LIMIT %(param_1)s OFFSET %(param_2)s]
[parameters: {'param_1': 3, 'param_2': 0}]
(Background on this error at: https://sqlalche.me/e/20/e3q8)
2023-06-07 11:19:33,869 SpawnProcess-1 - db_post.py:47 - INFO [<db.models.Post object at 0x0000023F9021C2E0>, <db.models.Post object at 0x0000023F9021C340>, <db.models.Post object at 0x0000023F9021C370>]
2023-06-07 12:25:06,059 SpawnProcess-1 - db_post.py:47 - INFO [<db.models.Post object at 0x0000023F9021F280>, <db.models.Post object at 0x0000023F9021F2E0>, <db.models.Post object at 0x0000023F9021F310>]
2023-06-07 12:25:06,507 SpawnProcess-1 - db_post.py:51 - ERROR (psycopg2.OperationalError) server closed the connection unexpectedly
	This probably means the server terminated abnormally
	before or while processing the request.
server closed the connection unexpectedly
	This probably means the server terminated abnormally
	before or while processing the request.

[SQL: SELECT posts.id AS posts_id, posts.img_url AS posts_img_url, posts.img_url_type AS posts_img_url_type, posts.caption AS posts_caption, posts.creator_id AS posts_creator_id, posts.timestamp AS posts_timestamp 
FROM posts ORDER BY posts.timestamp DESC 
 LIMIT %(param_1)s OFFSET %(param_2)s]
[parameters: {'param_1': 3, 'param_2': 0}]
(Background on this error at: https://sqlalche.me/e/20/e3q8)
2023-06-07 12:25:13,819 SpawnProcess-1 - db_post.py:47 - INFO [<db.models.Post object at 0x0000023F9021EB60>, <db.models.Post object at 0x0000023F9021CEE0>, <db.models.Post object at 0x0000023F9021C8E0>]
2023-06-07 12:25:15,008 SpawnProcess-1 - db_post.py:47 - INFO [<db.models.Post object at 0x0000023F9021E110>, <db.models.Post object at 0x0000023F9021E0B0>, <db.models.Post object at 0x0000023F9021EB30>]
2023-06-07 12:25:25,405 SpawnProcess-1 - db_post.py:47 - INFO [<db.models.Post object at 0x0000023F9021D090>, <db.models.Post object at 0x0000023F9021EB30>, <db.models.Post object at 0x0000023F9021C070>]
2023-06-07 12:25:26,045 SpawnProcess-1 - db_post.py:47 - INFO [<db.models.Post object at 0x0000023F9021DA20>, <db.models.Post object at 0x0000023F9021D990>, <db.models.Post object at 0x0000023F9021EA40>]
2023-06-07 12:25:40,673 SpawnProcess-1 - db_post.py:47 - INFO [<db.models.Post object at 0x0000023F901FB130>, <db.models.Post object at 0x0000023F901F9450>, <db.models.Post object at 0x0000023F901F9ED0>]
2023-06-07 12:25:41,334 SpawnProcess-1 - db_post.py:47 - INFO [<db.models.Post object at 0x0000023F901F8A30>, <db.models.Post object at 0x0000023F901FA620>, <db.models.Post object at 0x0000023F901F8160>]
2023-06-07 12:25:44,502 SpawnProcess-1 - db_post.py:47 - INFO [<db.models.Post object at 0x0000023F901FA290>, <db.models.Post object at 0x0000023F901F9A50>, <db.models.Post object at 0x0000023F901FB5E0>]
2023-06-07 12:25:45,149 SpawnProcess-1 - db_post.py:47 - INFO [<db.models.Post object at 0x0000023F901FAEC0>, <db.models.Post object at 0x0000023F901F99C0>, <db.models.Post object at 0x0000023F901FA260>]
2023-06-07 12:25:46,941 SpawnProcess-1 - db_post.py:47 - INFO [<db.models.Post object at 0x0000023F9021DCF0>, <db.models.Post object at 0x0000023F9021CF70>, <db.models.Post object at 0x0000023F9021DB70>]
2023-06-07 12:25:48,966 SpawnProcess-1 - db_post.py:47 - INFO []
2023-06-07 17:05:26,870 SpawnProcess-1 - db_post.py:51 - ERROR (psycopg2.OperationalError) server closed the connection unexpectedly
	This probably means the server terminated abnormally
	before or while processing the request.
server closed the connection unexpectedly
	This probably means the server terminated abnormally
	before or while processing the request.

[SQL: SELECT posts.id AS posts_id, posts.img_url AS posts_img_url, posts.img_url_type AS posts_img_url_type, posts.caption AS posts_caption, posts.creator_id AS posts_creator_id, posts.timestamp AS posts_timestamp 
FROM posts ORDER BY posts.timestamp DESC 
 LIMIT %(param_1)s OFFSET %(param_2)s]
[parameters: {'param_1': 3, 'param_2': 0}]
(Background on this error at: https://sqlalche.me/e/20/e3q8)
2023-06-07 17:05:27,756 SpawnProcess-1 - db_post.py:47 - INFO [<db.models.Post object at 0x0000023F90230610>, <db.models.Post object at 0x0000023F90230670>, <db.models.Post object at 0x0000023F902306A0>]
2023-06-07 17:05:31,944 SpawnProcess-1 - db_post.py:47 - INFO [<db.models.Post object at 0x0000023F9021E290>, <db.models.Post object at 0x0000023F9021D840>, <db.models.Post object at 0x0000023F9021C4F0>]
2023-06-07 17:05:32,571 SpawnProcess-1 - db_post.py:47 - INFO [<db.models.Post object at 0x0000023F9021C3D0>, <db.models.Post object at 0x0000023F9021FA30>, <db.models.Post object at 0x0000023F9021D9F0>]
2023-06-07 17:05:34,719 SpawnProcess-1 - db_post.py:47 - INFO [<db.models.Post object at 0x0000023F9021FA00>, <db.models.Post object at 0x0000023F9021E830>, <db.models.Post object at 0x0000023F9021C370>]
2023-06-07 17:05:36,438 SpawnProcess-1 - db_post.py:47 - INFO []
2023-06-07 17:06:37,770 SpawnProcess-1 - db_post.py:51 - ERROR (psycopg2.OperationalError) server closed the connection unexpectedly
	This probably means the server terminated abnormally
	before or while processing the request.
server closed the connection unexpectedly
	This probably means the server terminated abnormally
	before or while processing the request.

[SQL: SELECT posts.id AS posts_id, posts.img_url AS posts_img_url, posts.img_url_type AS posts_img_url_type, posts.caption AS posts_caption, posts.creator_id AS posts_creator_id, posts.timestamp AS posts_timestamp 
FROM posts ORDER BY posts.timestamp DESC 
 LIMIT %(param_1)s OFFSET %(param_2)s]
[parameters: {'param_1': 3, 'param_2': 0}]
(Background on this error at: https://sqlalche.me/e/20/e3q8)
2023-06-07 17:06:38,631 SpawnProcess-1 - db_post.py:47 - INFO [<db.models.Post object at 0x0000023F90230EB0>, <db.models.Post object at 0x0000023F90230F10>, <db.models.Post object at 0x0000023F90230F40>]
2023-06-07 17:06:48,699 SpawnProcess-1 - db_post.py:47 - INFO [<db.models.Post object at 0x0000023F9021D210>, <db.models.Post object at 0x0000023F9021EA40>, <db.models.Post object at 0x0000023F9021C8E0>]
2023-06-07 17:06:49,312 SpawnProcess-1 - db_post.py:47 - INFO [<db.models.Post object at 0x0000023F9021C4F0>, <db.models.Post object at 0x0000023F9021CD90>, <db.models.Post object at 0x0000023F9021D3C0>]
2023-06-07 17:06:53,405 SpawnProcess-1 - db_post.py:47 - INFO [<db.models.Post object at 0x0000023F9021F340>, <db.models.Post object at 0x0000023F9021FE80>, <db.models.Post object at 0x0000023F9021F280>]
2023-06-07 17:06:55,244 SpawnProcess-1 - db_post.py:47 - INFO []
2023-06-07 17:07:02,016 SpawnProcess-1 - db_post.py:47 - INFO [<db.models.Post object at 0x0000023F9021ECE0>, <db.models.Post object at 0x0000023F9021C8B0>, <db.models.Post object at 0x0000023F9021C250>]
2023-06-07 17:07:02,615 SpawnProcess-1 - db_post.py:47 - INFO [<db.models.Post object at 0x0000023F9021DDE0>, <db.models.Post object at 0x0000023F9021CAF0>, <db.models.Post object at 0x0000023F9021F700>]
2023-06-07 17:07:04,913 SpawnProcess-1 - db_post.py:47 - INFO [<db.models.Post object at 0x0000023F9021D090>, <db.models.Post object at 0x0000023F9021FA60>]
2023-06-07 17:25:26,665 SpawnProcess-1 - db_post.py:51 - ERROR (psycopg2.OperationalError) server closed the connection unexpectedly
	This probably means the server terminated abnormally
	before or while processing the request.
server closed the connection unexpectedly
	This probably means the server terminated abnormally
	before or while processing the request.

[SQL: SELECT posts.id AS posts_id, posts.img_url AS posts_img_url, posts.img_url_type AS posts_img_url_type, posts.caption AS posts_caption, posts.creator_id AS posts_creator_id, posts.timestamp AS posts_timestamp 
FROM posts ORDER BY posts.timestamp DESC 
 LIMIT %(param_1)s OFFSET %(param_2)s]
[parameters: {'param_1': 3, 'param_2': 0}]
(Background on this error at: https://sqlalche.me/e/20/e3q8)
2023-06-07 17:25:27,768 SpawnProcess-1 - db_post.py:47 - INFO [<db.models.Post object at 0x0000023F90232770>, <db.models.Post object at 0x0000023F902327D0>, <db.models.Post object at 0x0000023F90232800>]
2023-06-07 17:25:45,660 SpawnProcess-1 - db_post.py:47 - INFO [<db.models.Post object at 0x0000023F90233490>, <db.models.Post object at 0x0000023F90231720>, <db.models.Post object at 0x0000023F90231750>]
2023-06-07 17:25:46,309 SpawnProcess-1 - db_post.py:47 - INFO [<db.models.Post object at 0x0000023F9021C2E0>, <db.models.Post object at 0x0000023F9021CDF0>, <db.models.Post object at 0x0000023F9021EA40>]
2023-06-07 17:25:52,021 SpawnProcess-1 - db_post.py:47 - INFO [<db.models.Post object at 0x0000023F901FB070>, <db.models.Post object at 0x0000023F901F9DE0>, <db.models.Post object at 0x0000023F901F83A0>]
2023-06-07 17:25:52,951 SpawnProcess-1 - db_post.py:47 - INFO [<db.models.Post object at 0x0000023F9021CB20>, <db.models.Post object at 0x0000023F9021E470>, <db.models.Post object at 0x0000023F9021CE50>]
2023-06-07 17:31:20,277 SpawnProcess-1 - db_post.py:47 - INFO [<db.models.Post object at 0x0000023F902338B0>, <db.models.Post object at 0x0000023F90232EC0>, <db.models.Post object at 0x0000023F90231780>]
2023-06-07 17:31:21,020 SpawnProcess-1 - db_post.py:47 - INFO [<db.models.Post object at 0x0000023F901B5D80>, <db.models.Post object at 0x0000023F901B54E0>, <db.models.Post object at 0x0000023F901B57B0>]
2023-06-07 17:33:45,229 SpawnProcess-1 - db_post.py:51 - ERROR (psycopg2.OperationalError) server closed the connection unexpectedly
	This probably means the server terminated abnormally
	before or while processing the request.
server closed the connection unexpectedly
	This probably means the server terminated abnormally
	before or while processing the request.

[SQL: SELECT posts.id AS posts_id, posts.img_url AS posts_img_url, posts.img_url_type AS posts_img_url_type, posts.caption AS posts_caption, posts.creator_id AS posts_creator_id, posts.timestamp AS posts_timestamp 
FROM posts ORDER BY posts.timestamp DESC 
 LIMIT %(param_1)s OFFSET %(param_2)s]
[parameters: {'param_1': 3, 'param_2': 0}]
(Background on this error at: https://sqlalche.me/e/20/e3q8)
2023-06-07 17:33:46,084 SpawnProcess-1 - db_post.py:47 - INFO [<db.models.Post object at 0x0000023F90231540>, <db.models.Post object at 0x0000023F90232D40>, <db.models.Post object at 0x0000023F902310C0>]
